Started GET "/" for 127.0.0.1 at 2021-03-09 20:32:12 +0500
  [1m[35m (2.7ms)[0m  [1m[34mSELECT sqlite_version(*)[0m
Processing by Rails::WelcomeController#index as HTML
  Rendering /Users/zaeem/.rvm/gems/ruby-2.6.3/gems/railties-6.1.3/lib/rails/templates/rails/welcome/index.html.erb
  Rendered /Users/zaeem/.rvm/gems/ruby-2.6.3/gems/railties-6.1.3/lib/rails/templates/rails/welcome/index.html.erb (Duration: 9.9ms | Allocations: 520)
Completed 200 OK in 36ms (Views: 17.4ms | ActiveRecord: 0.0ms | Allocations: 4327)


Started GET "/articles" for ::1 at 2021-03-09 20:34:17 +0500
  [1m[35m (0.6ms)[0m  [1m[34mSELECT sqlite_version(*)[0m
  
ActionController::RoutingError (No route matches [GET] "/articles"):
  
Started GET "/articles/index" for ::1 at 2021-03-09 20:34:23 +0500
  
ActionController::RoutingError (No route matches [GET] "/articles/index"):
  
Started GET "/articles/index" for ::1 at 2021-03-09 20:34:37 +0500
  
ActionController::RoutingError (No route matches [GET] "/articles/index"):
  
Started GET "/articles/index" for ::1 at 2021-03-09 20:35:34 +0500
  
ActionController::RoutingError (No route matches [GET] "/articles/index"):
  
Started GET "/articles" for ::1 at 2021-03-09 20:35:37 +0500
Processing by ArticlesController#index as HTML
  Rendering layout layouts/application.html.erb
  Rendering articles/index.html.erb within layouts/application
  Rendered articles/index.html.erb within layouts/application (Duration: 2.2ms | Allocations: 123)
[Webpacker] Compiling...
[Webpacker] Compiled all packs in /Users/zaeem/Desktop/Project/admin/public/packs
[Webpacker] Hash: e332c6419728fac579d5
Version: webpack 4.46.0
Time: 2075ms
Built at: 03/09/2021 8:35:42 PM
                                     Asset       Size       Chunks                         Chunk Names
    js/application-f826770d917d8a37c1d8.js    125 KiB  application  [emitted] [immutable]  application
js/application-f826770d917d8a37c1d8.js.map    139 KiB  application  [emitted] [dev]        application
                             manifest.json  364 bytes               [emitted]              
Entrypoint application = js/application-f826770d917d8a37c1d8.js js/application-f826770d917d8a37c1d8.js.map
[./app/javascript/channels sync recursive _channel\.js$] ./app/javascript/channels sync _channel\.js$ 160 bytes {application} [built]
[./app/javascript/channels/index.js] 211 bytes {application} [built]
[./app/javascript/packs/application.js] 492 bytes {application} [built]
[./node_modules/webpack/buildin/module.js] (webpack)/buildin/module.js 552 bytes {application} [built]
    + 3 hidden modules

  Rendered layout layouts/application.html.erb (Duration: 4642.3ms | Allocations: 18124)
Completed 200 OK in 4654ms (Views: 4645.2ms | Allocations: 20146)


Started GET "/" for ::1 at 2021-03-09 23:03:04 +0500
  [1m[35m (1.3ms)[0m  [1m[34mSELECT sqlite_version(*)[0m
Processing by ArticlesController#index as HTML
  Rendering layout layouts/application.html.erb
  Rendering articles/index.html.erb within layouts/application
  Rendered articles/index.html.erb within layouts/application (Duration: 2.5ms | Allocations: 238)
[Webpacker] Everything's up-to-date. Nothing to do
  Rendered layout layouts/application.html.erb (Duration: 51.0ms | Allocations: 6011)
Completed 200 OK in 73ms (Views: 57.1ms | ActiveRecord: 0.0ms | Allocations: 8707)


Started GET "/" for ::1 at 2021-03-09 23:33:05 +0500
  [1m[35m (2.0ms)[0m  [1m[34mSELECT sqlite_version(*)[0m
Processing by DeviceController#index as HTML
  Rendering layout layouts/application.html.erb
  Rendering device/index.html.erb within layouts/application
  Rendered device/index.html.erb within layouts/application (Duration: 1.2ms | Allocations: 238)
[Webpacker] Everything's up-to-date. Nothing to do
  Rendered layout layouts/application.html.erb (Duration: 65.8ms | Allocations: 16032)
Completed 200 OK in 84ms (Views: 70.2ms | ActiveRecord: 0.0ms | Allocations: 18784)


Started GET "/" for ::1 at 2021-03-09 23:34:33 +0500
Processing by DeviceController#index as HTML
  Rendering layout layouts/application.html.erb
  Rendering device/index.html.erb within layouts/application
  Rendered device/index.html.erb within layouts/application (Duration: 1.6ms | Allocations: 138)
[Webpacker] Everything's up-to-date. Nothing to do
  Rendered layout layouts/application.html.erb (Duration: 19.7ms | Allocations: 3901)
Completed 200 OK in 26ms (Views: 24.0ms | ActiveRecord: 0.0ms | Allocations: 5026)


Started GET "/" for ::1 at 2021-03-09 23:36:27 +0500
Processing by DeviceController#index as HTML
  Rendering layout layouts/application.html.erb
  Rendering device/index.html.erb within layouts/application
  Rendered device/index.html.erb within layouts/application (Duration: 1.3ms | Allocations: 37)
[Webpacker] Everything's up-to-date. Nothing to do
  Rendered layout layouts/application.html.erb (Duration: 90.5ms | Allocations: 3609)
Completed 200 OK in 102ms (Views: 92.2ms | ActiveRecord: 0.0ms | Allocations: 3989)


Started GET "/" for ::1 at 2021-03-09 23:36:28 +0500
Processing by DeviceController#index as HTML
  Rendering layout layouts/application.html.erb
  Rendering device/index.html.erb within layouts/application
  Rendered device/index.html.erb within layouts/application (Duration: 0.2ms | Allocations: 37)
[Webpacker] Everything's up-to-date. Nothing to do
  Rendered layout layouts/application.html.erb (Duration: 7.0ms | Allocations: 3609)
Completed 200 OK in 8ms (Views: 7.5ms | ActiveRecord: 0.0ms | Allocations: 3985)


Started GET "/" for ::1 at 2021-03-09 23:38:05 +0500
Processing by DeviceController#index as HTML
  Rendering layout layouts/application.html.erb
  Rendering device/index.html.erb within layouts/application
  Rendered device/index.html.erb within layouts/application (Duration: 0.1ms | Allocations: 37)
[Webpacker] Compiling...
[Webpacker] Compiled all packs in /Users/zaeem/Desktop/Project/admin/public/packs
[Webpacker] Hash: 461038b32880707d4014
Version: webpack 4.46.0
Time: 1127ms
Built at: 03/09/2021 11:38:09 PM
                                     Asset       Size       Chunks                         Chunk Names
    js/application-02b4a8891e2fc3a8c578.js    125 KiB  application  [emitted] [immutable]  application
js/application-02b4a8891e2fc3a8c578.js.map    139 KiB  application  [emitted] [dev]        application
                             manifest.json  364 bytes               [emitted]              
Entrypoint application = js/application-02b4a8891e2fc3a8c578.js js/application-02b4a8891e2fc3a8c578.js.map
[./app/javascript/channels sync recursive _channel\.js$] ./app/javascript/channels sync _channel\.js$ 160 bytes {application} [built]
[./app/javascript/channels/index.js] 211 bytes {application} [built]
[./app/javascript/packs/application.js] 553 bytes {application} [built]
[./node_modules/webpack/buildin/module.js] (webpack)/buildin/module.js 552 bytes {application} [built]
    + 3 hidden modules

  Rendered layout layouts/application.html.erb (Duration: 3459.2ms | Allocations: 4822)
Completed 200 OK in 3461ms (Views: 3459.9ms | ActiveRecord: 0.0ms | Allocations: 5201)


Started GET "/" for ::1 at 2021-03-09 23:38:11 +0500
Processing by DeviceController#index as HTML
  Rendering layout layouts/application.html.erb
  Rendering device/index.html.erb within layouts/application
  Rendered device/index.html.erb within layouts/application (Duration: 0.1ms | Allocations: 37)
[Webpacker] Everything's up-to-date. Nothing to do
  Rendered layout layouts/application.html.erb (Duration: 6.5ms | Allocations: 3612)
Completed 200 OK in 8ms (Views: 7.1ms | ActiveRecord: 0.0ms | Allocations: 3991)


Started GET "/" for ::1 at 2021-03-09 23:38:47 +0500
  [1m[35m (1.0ms)[0m  [1m[34mSELECT sqlite_version(*)[0m
Processing by DeviceController#index as HTML
  Rendering layout layouts/application.html.erb
  Rendering device/index.html.erb within layouts/application
  Rendered device/index.html.erb within layouts/application (Duration: 1.4ms | Allocations: 255)
[Webpacker] Compiling...
[Webpacker] Compiled all packs in /Users/zaeem/Desktop/Project/admin/public/packs
[Webpacker] Hash: e332c6419728fac579d5
Version: webpack 4.46.0
Time: 1301ms
Built at: 03/09/2021 11:38:52 PM
                                     Asset       Size       Chunks                         Chunk Names
    js/application-f826770d917d8a37c1d8.js    125 KiB  application  [emitted] [immutable]  application
js/application-f826770d917d8a37c1d8.js.map    139 KiB  application  [emitted] [dev]        application
                             manifest.json  364 bytes               [emitted]              
Entrypoint application = js/application-f826770d917d8a37c1d8.js js/application-f826770d917d8a37c1d8.js.map
[./app/javascript/channels sync recursive _channel\.js$] ./app/javascript/channels sync _channel\.js$ 160 bytes {application} [built]
[./app/javascript/channels/index.js] 211 bytes {application} [built]
[./app/javascript/packs/application.js] 492 bytes {application} [built]
[./node_modules/webpack/buildin/module.js] (webpack)/buildin/module.js 552 bytes {application} [built]
    + 3 hidden modules

  Rendered layout layouts/application.html.erb (Duration: 5067.5ms | Allocations: 20269)
Completed 200 OK in 5098ms (Views: 5073.4ms | ActiveRecord: 0.0ms | Allocations: 23021)


Started GET "/" for ::1 at 2021-03-09 23:40:28 +0500
Processing by DeviceController#index as HTML
  Rendering layout layouts/application.html.erb
  Rendering device/index.html.erb within layouts/application
  Rendered device/index.html.erb within layouts/application (Duration: 0.7ms | Allocations: 137)
[Webpacker] Everything's up-to-date. Nothing to do
  Rendered layout layouts/application.html.erb (Duration: 13.3ms | Allocations: 3968)
Completed 200 OK in 16ms (Views: 14.8ms | ActiveRecord: 0.0ms | Allocations: 5095)


Started GET "/" for ::1 at 2021-03-09 23:41:43 +0500
Processing by DeviceController#index as HTML
  Rendering layout layouts/application.html.erb
  Rendering device/index.html.erb within layouts/application
  Rendered device/index.html.erb within layouts/application (Duration: 0.1ms | Allocations: 37)
[Webpacker] Everything's up-to-date. Nothing to do
  Rendered layout layouts/application.html.erb (Duration: 11.1ms | Allocations: 3653)
Completed 200 OK in 13ms (Views: 11.8ms | ActiveRecord: 0.0ms | Allocations: 4030)


Started GET "/" for ::1 at 2021-03-09 23:48:27 +0500
Processing by DeviceController#index as HTML
  Rendering layout layouts/application.html.erb
  Rendering device/index.html.erb within layouts/application
  Rendered device/index.html.erb within layouts/application (Duration: 2.2ms | Allocations: 142)
[Webpacker] Compiling...
[Webpacker] Compiled all packs in /Users/zaeem/Desktop/Project/admin/public/packs
[Webpacker] Hash: e332c6419728fac579d5
Version: webpack 4.46.0
Time: 1337ms
Built at: 03/09/2021 11:48:31 PM
                                     Asset       Size       Chunks                         Chunk Names
    js/application-f826770d917d8a37c1d8.js    125 KiB  application  [emitted] [immutable]  application
js/application-f826770d917d8a37c1d8.js.map    139 KiB  application  [emitted] [dev]        application
                             manifest.json  364 bytes               [emitted]              
Entrypoint application = js/application-f826770d917d8a37c1d8.js js/application-f826770d917d8a37c1d8.js.map
[./app/javascript/channels sync recursive _channel\.js$] ./app/javascript/channels sync _channel\.js$ 160 bytes {application} [built]
[./app/javascript/channels/index.js] 211 bytes {application} [built]
[./app/javascript/packs/application.js] 492 bytes {application} [built]
[./node_modules/webpack/buildin/module.js] (webpack)/buildin/module.js 552 bytes {application} [built]
    + 3 hidden modules

  Rendered layout layouts/application.html.erb (Duration: 4273.1ms | Allocations: 5141)
Completed 200 OK in 4285ms (Views: 4280.0ms | Allocations: 6257)


  
ActionController::RoutingError (No route matches [GET] "/assets/images/device.jpeg"):
  
Started GET "/" for ::1 at 2021-03-09 23:48:59 +0500
Processing by DeviceController#index as HTML
  Rendering layout layouts/application.html.erb
  Rendering device/index.html.erb within layouts/application
  Rendered device/index.html.erb within layouts/application (Duration: 0.5ms | Allocations: 147)
[Webpacker] Everything's up-to-date. Nothing to do
  Rendered layout layouts/application.html.erb (Duration: 17.8ms | Allocations: 4093)
Completed 200 OK in 22ms (Views: 20.2ms | Allocations: 5291)


  
ActionController::RoutingError (No route matches [GET] "/assets/images/device.jpeg"):
  
  
ActionController::RoutingError (No route matches [GET] "/assets/images/device.jpeg"):
  
Started GET "/" for ::1 at 2021-03-09 23:49:26 +0500
Processing by DeviceController#index as HTML
  Rendering layout layouts/application.html.erb
  Rendering device/index.html.erb within layouts/application
  Rendered device/index.html.erb within layouts/application (Duration: 0.4ms | Allocations: 147)
[Webpacker] Everything's up-to-date. Nothing to do
  Rendered layout layouts/application.html.erb (Duration: 13.2ms | Allocations: 3960)
Completed 200 OK in 17ms (Views: 15.6ms | Allocations: 5082)


Started GET "/" for ::1 at 2021-03-09 23:50:49 +0500
Processing by DeviceController#index as HTML
  Rendering layout layouts/application.html.erb
  Rendering device/index.html.erb within layouts/application
  Rendered device/index.html.erb within layouts/application (Duration: 0.7ms | Allocations: 147)
[Webpacker] Everything's up-to-date. Nothing to do
  Rendered layout layouts/application.html.erb (Duration: 14.6ms | Allocations: 3960)
Completed 200 OK in 19ms (Views: 17.4ms | Allocations: 5076)


Started GET "/" for ::1 at 2021-03-09 23:52:44 +0500
Processing by DeviceController#index as HTML
  Rendering layout layouts/application.html.erb
  Rendering device/index.html.erb within layouts/application
  Rendered device/index.html.erb within layouts/application (Duration: 0.6ms | Allocations: 147)
[Webpacker] Everything's up-to-date. Nothing to do
  Rendered layout layouts/application.html.erb (Duration: 642.0ms | Allocations: 12401)
Completed 200 OK in 647ms (Views: 645.0ms | Allocations: 13517)


Started GET "/" for ::1 at 2021-03-09 23:53:11 +0500
Processing by DeviceController#index as HTML
  Rendering layout layouts/application.html.erb
  Rendering device/index.html.erb within layouts/application
  Rendered device/index.html.erb within layouts/application (Duration: 0.9ms | Allocations: 152)
[Webpacker] Everything's up-to-date. Nothing to do
  Rendered layout layouts/application.html.erb (Duration: 16.6ms | Allocations: 3966)
Completed 200 OK in 21ms (Views: 19.5ms | Allocations: 5090)


Started GET "/" for ::1 at 2021-03-10 00:01:07 +0500
Processing by DeviceController#index as HTML
  Rendering layout layouts/application.html.erb
  Rendering device/index.html.erb within layouts/application
  Rendered device/index.html.erb within layouts/application (Duration: 2.7ms | Allocations: 147)
[Webpacker] Everything's up-to-date. Nothing to do
  Rendered layout layouts/application.html.erb (Duration: 726.3ms | Allocations: 12350)
Completed 200 OK in 739ms (Views: 732.8ms | Allocations: 13466)


Started GET "/" for ::1 at 2021-03-10 00:01:30 +0500
Processing by DeviceController#index as HTML
  Rendering layout layouts/application.html.erb
  Rendering device/index.html.erb within layouts/application
  Rendered device/index.html.erb within layouts/application (Duration: 0.1ms | Allocations: 37)
[Webpacker] Everything's up-to-date. Nothing to do
  Rendered layout layouts/application.html.erb (Duration: 626.8ms | Allocations: 12058)
Completed 200 OK in 628ms (Views: 627.4ms | Allocations: 12435)


Started GET "/" for ::1 at 2021-03-10 00:02:00 +0500
Processing by DeviceController#index as HTML
  Rendering layout layouts/application.html.erb
  Rendering device/index.html.erb within layouts/application
  Rendered device/index.html.erb within layouts/application (Duration: 0.1ms | Allocations: 37)
[Webpacker] Everything's up-to-date. Nothing to do
  Rendered layout layouts/application.html.erb (Duration: 1091.8ms | Allocations: 12057)
Completed 200 OK in 1093ms (Views: 1092.7ms | Allocations: 12433)


Started GET "/" for ::1 at 2021-03-10 00:05:09 +0500
Processing by DeviceController#index as HTML
  Rendering layout layouts/application.html.erb
  Rendering device/index.html.erb within layouts/application
  Rendered device/index.html.erb within layouts/application (Duration: 2.2ms | Allocations: 151)
[Webpacker] Everything's up-to-date. Nothing to do
  Rendered layout layouts/application.html.erb (Duration: 804.6ms | Allocations: 12363)
Completed 200 OK in 825ms (Views: 814.2ms | Allocations: 13485)


Started GET "/" for ::1 at 2021-03-10 00:05:59 +0500
Processing by DeviceController#index as HTML
  Rendering layout layouts/application.html.erb
  Rendering device/index.html.erb within layouts/application
  Rendered device/index.html.erb within layouts/application (Duration: 0.1ms | Allocations: 37)
[Webpacker] Everything's up-to-date. Nothing to do
  Rendered layout layouts/application.html.erb (Duration: 627.9ms | Allocations: 13924)
Completed 200 OK in 629ms (Views: 628.6ms | Allocations: 14301)


Started GET "/" for ::1 at 2021-03-10 00:09:34 +0500
Processing by DeviceController#index as HTML
  Rendering layout layouts/application.html.erb
  Rendering device/index.html.erb within layouts/application
  Rendered device/index.html.erb within layouts/application (Duration: 0.7ms | Allocations: 161)
[Webpacker] Everything's up-to-date. Nothing to do
  Rendered layout layouts/application.html.erb (Duration: 68.1ms | Allocations: 3982)
Completed 200 OK in 73ms (Views: 71.2ms | Allocations: 5099)


Started GET "/" for ::1 at 2021-03-10 00:14:35 +0500
Processing by DeviceController#index as HTML
  Rendering layout layouts/application.html.erb
  Rendering device/index.html.erb within layouts/application
  Rendered device/index.html.erb within layouts/application (Duration: 0.5ms | Allocations: 37)
[Webpacker] Everything's up-to-date. Nothing to do
  Rendered layout layouts/application.html.erb (Duration: 2149.1ms | Allocations: 13013)
Completed 200 OK in 2156ms (Views: 2151.4ms | Allocations: 13391)


Started GET "/" for ::1 at 2021-03-10 00:14:47 +0500
Processing by DeviceController#index as HTML
  Rendering layout layouts/application.html.erb
  Rendering device/index.html.erb within layouts/application
  Rendered device/index.html.erb within layouts/application (Duration: 0.2ms | Allocations: 37)
[Webpacker] Everything's up-to-date. Nothing to do
  Rendered layout layouts/application.html.erb (Duration: 359.0ms | Allocations: 12560)
Completed 200 OK in 360ms (Views: 359.6ms | Allocations: 12936)


Started GET "/" for ::1 at 2021-03-10 00:15:08 +0500
Processing by DeviceController#index as HTML
  Rendering layout layouts/application.html.erb
  Rendering device/index.html.erb within layouts/application
  Rendered device/index.html.erb within layouts/application (Duration: 0.1ms | Allocations: 37)
[Webpacker] Everything's up-to-date. Nothing to do
  Rendered layout layouts/application.html.erb (Duration: 772.9ms | Allocations: 13031)
Completed 200 OK in 774ms (Views: 773.5ms | Allocations: 13407)


Started GET "/" for ::1 at 2021-03-10 00:15:37 +0500
Processing by DeviceController#index as HTML
  Rendering layout layouts/application.html.erb
  Rendering device/index.html.erb within layouts/application
  Rendered device/index.html.erb within layouts/application (Duration: 0.2ms | Allocations: 37)
  Rendered layout layouts/application.html.erb (Duration: 15.9ms | Allocations: 4852)
Completed 500 Internal Server Error in 21ms (Allocations: 5212)


  
ActionView::Template::Error (Error: Function rgb is missing argument $green.
        on line 31 of app/assets/stylesheets/device.scss
>> 			background: rgb(19 97 98 / 60%);

   ---------------^
):
     6:     <%= csrf_meta_tags %>
     7:     <%= csp_meta_tag %>
     8: 
     9:     <%= stylesheet_link_tag 'application', media: 'all', 'data-turbolinks-track': 'reload' %>
    10:     <link href="https://fonts.googleapis.com/css2?family=Roboto:wght@100;300;400;500;700&display=swap" rel="stylesheet">
    11:      <link href="https://cdn.jsdelivr.net/npm/bootstrap@5.0.0-beta2/dist/css/bootstrap.min.css" rel="stylesheet" integrity="sha384-BmbxuPwQa2lc/FVzBcNJ7UAyJxM6wuqIj61tLrc4wSX0szH/Ev+nYRRuWlolflfl" crossorigin="anonymous">
    12:     <script src="https://cdn.jsdelivr.net/npm/bootstrap@5.0.0-beta2/dist/js/bootstrap.bundle.min.js" integrity="sha384-b5kHyXgcpbZJO/tY9Ul7kGkf1S0CWuKcCD38l8YkeH8z8QjE0GmW1gYU5S9FOnJ0" crossorigin="anonymous"></script>
  
app/assets/stylesheets/device.scss:31
app/views/layouts/application.html.erb:9
Started GET "/" for ::1 at 2021-03-10 00:15:47 +0500
Processing by DeviceController#index as HTML
  Rendering layout layouts/application.html.erb
  Rendering device/index.html.erb within layouts/application
  Rendered device/index.html.erb within layouts/application (Duration: 0.1ms | Allocations: 37)
[Webpacker] Everything's up-to-date. Nothing to do
  Rendered layout layouts/application.html.erb (Duration: 12.9ms | Allocations: 3707)
Completed 200 OK in 14ms (Views: 13.3ms | Allocations: 4083)


Started GET "/" for ::1 at 2021-03-10 00:16:15 +0500
Processing by DeviceController#index as HTML
  Rendering layout layouts/application.html.erb
  Rendering device/index.html.erb within layouts/application
  Rendered device/index.html.erb within layouts/application (Duration: 0.1ms | Allocations: 37)
[Webpacker] Everything's up-to-date. Nothing to do
  Rendered layout layouts/application.html.erb (Duration: 870.2ms | Allocations: 12533)
Completed 200 OK in 871ms (Views: 870.7ms | Allocations: 12909)


Started GET "/" for ::1 at 2021-03-10 00:17:34 +0500
Processing by DeviceController#index as HTML
  Rendering layout layouts/application.html.erb
  Rendering device/index.html.erb within layouts/application
  Rendered device/index.html.erb within layouts/application (Duration: 0.1ms | Allocations: 37)
[Webpacker] Everything's up-to-date. Nothing to do
  Rendered layout layouts/application.html.erb (Duration: 557.6ms | Allocations: 13017)
Completed 200 OK in 559ms (Views: 558.1ms | Allocations: 13393)


Started GET "/" for ::1 at 2021-03-10 00:17:51 +0500
Processing by DeviceController#index as HTML
  Rendering layout layouts/application.html.erb
  Rendering device/index.html.erb within layouts/application
  Rendered device/index.html.erb within layouts/application (Duration: 0.1ms | Allocations: 37)
[Webpacker] Everything's up-to-date. Nothing to do
  Rendered layout layouts/application.html.erb (Duration: 536.6ms | Allocations: 12563)
Completed 200 OK in 538ms (Views: 537.1ms | Allocations: 12939)


Started GET "/" for ::1 at 2021-03-10 00:19:23 +0500
Processing by DeviceController#index as HTML
  Rendering layout layouts/application.html.erb
  Rendering device/index.html.erb within layouts/application
  Rendered device/index.html.erb within layouts/application (Duration: 0.1ms | Allocations: 37)
[Webpacker] Everything's up-to-date. Nothing to do
  Rendered layout layouts/application.html.erb (Duration: 587.0ms | Allocations: 13431)
Completed 200 OK in 589ms (Views: 587.7ms | Allocations: 13807)


Started GET "/" for ::1 at 2021-03-10 00:22:09 +0500
Processing by DeviceController#index as HTML
  Rendering layout layouts/application.html.erb
  Rendering device/index.html.erb within layouts/application
  Rendered device/index.html.erb within layouts/application (Duration: 0.5ms | Allocations: 37)
[Webpacker] Everything's up-to-date. Nothing to do
  Rendered layout layouts/application.html.erb (Duration: 649.3ms | Allocations: 13022)
Completed 200 OK in 655ms (Views: 651.5ms | Allocations: 13398)


Started GET "/" for ::1 at 2021-03-10 00:22:21 +0500
Processing by DeviceController#index as HTML
  Rendering layout layouts/application.html.erb
  Rendering device/index.html.erb within layouts/application
  Rendered device/index.html.erb within layouts/application (Duration: 0.1ms | Allocations: 37)
[Webpacker] Everything's up-to-date. Nothing to do
  Rendered layout layouts/application.html.erb (Duration: 374.1ms | Allocations: 12088)
Completed 200 OK in 376ms (Views: 374.8ms | Allocations: 12464)


Started GET "/" for ::1 at 2021-03-10 00:25:53 +0500
Processing by DeviceController#index as HTML
  Rendering layout layouts/application.html.erb
  Rendering device/index.html.erb within layouts/application
  Rendered device/index.html.erb within layouts/application (Duration: 0.9ms | Allocations: 163)
[Webpacker] Everything's up-to-date. Nothing to do
  Rendered layout layouts/application.html.erb (Duration: 647.7ms | Allocations: 14223)
Completed 200 OK in 658ms (Views: 654.9ms | Allocations: 15344)


Started GET "/" for ::1 at 2021-03-10 00:27:00 +0500
Processing by DeviceController#index as HTML
  Rendering layout layouts/application.html.erb
  Rendering device/index.html.erb within layouts/application
  Rendered device/index.html.erb within layouts/application (Duration: 2.0ms | Allocations: 157)
[Webpacker] Everything's up-to-date. Nothing to do
  Rendered layout layouts/application.html.erb (Duration: 675.7ms | Allocations: 15187)
Completed 200 OK in 679ms (Views: 678.1ms | Allocations: 16303)


  
SassC::SyntaxError (Error: Invalid CSS after "				}": expected "}", was ".{"
        on line 54:6 of app/assets/stylesheets/device.scss
>> 				}

   -----^
):
  
app/assets/stylesheets/device.scss:54
Started GET "/" for ::1 at 2021-03-10 00:28:18 +0500
Processing by DeviceController#index as HTML
  Rendering layout layouts/application.html.erb
  Rendering device/index.html.erb within layouts/application
  Rendered device/index.html.erb within layouts/application (Duration: 0.1ms | Allocations: 37)
[Webpacker] Everything's up-to-date. Nothing to do
  Rendered layout layouts/application.html.erb (Duration: 608.5ms | Allocations: 13044)
Completed 200 OK in 610ms (Views: 609.3ms | Allocations: 13421)


Started GET "/" for ::1 at 2021-03-10 00:28:35 +0500
Processing by DeviceController#index as HTML
  Rendering layout layouts/application.html.erb
  Rendering device/index.html.erb within layouts/application
  Rendered device/index.html.erb within layouts/application (Duration: 0.4ms | Allocations: 158)
[Webpacker] Everything's up-to-date. Nothing to do
  Rendered layout layouts/application.html.erb (Duration: 11.6ms | Allocations: 3979)
Completed 200 OK in 22ms (Views: 20.7ms | Allocations: 5100)


Started GET "/" for ::1 at 2021-03-10 00:29:01 +0500
Processing by DeviceController#index as HTML
  Rendering layout layouts/application.html.erb
  Rendering device/index.html.erb within layouts/application
  Rendered device/index.html.erb within layouts/application (Duration: 0.1ms | Allocations: 37)
[Webpacker] Everything's up-to-date. Nothing to do
  Rendered layout layouts/application.html.erb (Duration: 675.5ms | Allocations: 12958)
Completed 200 OK in 677ms (Views: 676.4ms | Allocations: 13336)


Started GET "/" for ::1 at 2021-03-10 00:29:22 +0500
Processing by DeviceController#index as HTML
  Rendering layout layouts/application.html.erb
  Rendering device/index.html.erb within layouts/application
  Rendered device/index.html.erb within layouts/application (Duration: 0.1ms | Allocations: 37)
[Webpacker] Everything's up-to-date. Nothing to do
  Rendered layout layouts/application.html.erb (Duration: 556.1ms | Allocations: 13978)
Completed 200 OK in 557ms (Views: 556.6ms | Allocations: 14354)


Started GET "/" for ::1 at 2021-03-10 00:33:33 +0500
Processing by DeviceController#index as HTML
  Rendering layout layouts/application.html.erb
  Rendering device/index.html.erb within layouts/application
  Rendered device/index.html.erb within layouts/application (Duration: 0.7ms | Allocations: 37)
[Webpacker] Everything's up-to-date. Nothing to do
  Rendered layout layouts/application.html.erb (Duration: 581.5ms | Allocations: 13937)
Completed 200 OK in 587ms (Views: 583.9ms | Allocations: 14313)


Started GET "/" for ::1 at 2021-03-10 00:34:50 +0500
Processing by DeviceController#index as HTML
  Rendering layout layouts/application.html.erb
  Rendering device/index.html.erb within layouts/application
  Rendered device/index.html.erb within layouts/application (Duration: 0.9ms | Allocations: 160)
[Webpacker] Everything's up-to-date. Nothing to do
  Rendered layout layouts/application.html.erb (Duration: 14.5ms | Allocations: 3981)
Completed 200 OK in 20ms (Views: 18.4ms | Allocations: 5102)


Started GET "/" for ::1 at 2021-03-10 00:35:29 +0500
Processing by DeviceController#index as HTML
  Rendering layout layouts/application.html.erb
  Rendering device/index.html.erb within layouts/application
  Rendered device/index.html.erb within layouts/application (Duration: 0.1ms | Allocations: 37)
[Webpacker] Everything's up-to-date. Nothing to do
  Rendered layout layouts/application.html.erb (Duration: 680.4ms | Allocations: 13533)
Completed 200 OK in 682ms (Views: 681.1ms | Allocations: 13910)


Started GET "/" for ::1 at 2021-03-10 00:38:29 +0500
Processing by DeviceController#index as HTML
  Rendering layout layouts/application.html.erb
  Rendering device/index.html.erb within layouts/application
  Rendered device/index.html.erb within layouts/application (Duration: 2.2ms | Allocations: 168)
[Webpacker] Everything's up-to-date. Nothing to do
  Rendered layout layouts/application.html.erb (Duration: 34.9ms | Allocations: 3989)
Completed 200 OK in 50ms (Views: 43.1ms | Allocations: 5110)


Started GET "/" for ::1 at 2021-03-10 00:38:58 +0500
Processing by DeviceController#index as HTML
  Rendering layout layouts/application.html.erb
  Rendering device/index.html.erb within layouts/application
  Rendered device/index.html.erb within layouts/application (Duration: 0.5ms | Allocations: 155)
[Webpacker] Everything's up-to-date. Nothing to do
  Rendered layout layouts/application.html.erb (Duration: 16.5ms | Allocations: 3974)
Completed 200 OK in 21ms (Views: 19.2ms | Allocations: 5090)


Started GET "/" for ::1 at 2021-03-10 00:42:50 +0500
Processing by DeviceController#index as HTML
  Rendering layout layouts/application.html.erb
  Rendering device/index.html.erb within layouts/application
  Rendered device/index.html.erb within layouts/application (Duration: 0.6ms | Allocations: 37)
[Webpacker] Everything's up-to-date. Nothing to do
  Rendered layout layouts/application.html.erb (Duration: 678.3ms | Allocations: 13043)
Completed 200 OK in 687ms (Views: 681.5ms | Allocations: 13420)


Started GET "/" for ::1 at 2021-03-10 00:44:43 +0500
Processing by DeviceController#index as HTML
  Rendering layout layouts/application.html.erb
  Rendering device/index.html.erb within layouts/application
  Rendered device/index.html.erb within layouts/application (Duration: 0.1ms | Allocations: 37)
[Webpacker] Everything's up-to-date. Nothing to do
  Rendered layout layouts/application.html.erb (Duration: 614.5ms | Allocations: 12609)
Completed 200 OK in 616ms (Views: 615.1ms | Allocations: 12985)


Started GET "/" for ::1 at 2021-03-10 00:46:55 +0500
Processing by DeviceController#index as HTML
  Rendering layout layouts/application.html.erb
  Rendering device/index.html.erb within layouts/application
  Rendered device/index.html.erb within layouts/application (Duration: 0.9ms | Allocations: 37)
[Webpacker] Everything's up-to-date. Nothing to do
  Rendered layout layouts/application.html.erb (Duration: 858.5ms | Allocations: 13036)
Completed 200 OK in 868ms (Views: 862.4ms | Allocations: 13412)


Started GET "/" for ::1 at 2021-03-10 00:47:33 +0500
Processing by DeviceController#index as HTML
  Rendering layout layouts/application.html.erb
  Rendering device/index.html.erb within layouts/application
  Rendered device/index.html.erb within layouts/application (Duration: 0.1ms | Allocations: 37)
[Webpacker] Everything's up-to-date. Nothing to do
  Rendered layout layouts/application.html.erb (Duration: 377.4ms | Allocations: 13998)
Completed 200 OK in 379ms (Views: 378.1ms | Allocations: 14374)


Started GET "/" for ::1 at 2021-03-10 00:47:56 +0500
Processing by DeviceController#index as HTML
  Rendering layout layouts/application.html.erb
  Rendering device/index.html.erb within layouts/application
  Rendered device/index.html.erb within layouts/application (Duration: 0.1ms | Allocations: 37)
[Webpacker] Everything's up-to-date. Nothing to do
  Rendered layout layouts/application.html.erb (Duration: 672.0ms | Allocations: 13014)
Completed 200 OK in 675ms (Views: 673.0ms | Allocations: 13390)


Started GET "/" for ::1 at 2021-03-10 00:49:15 +0500
Processing by DeviceController#index as HTML
  Rendering layout layouts/application.html.erb
  Rendering device/index.html.erb within layouts/application
  Rendered device/index.html.erb within layouts/application (Duration: 0.1ms | Allocations: 37)
[Webpacker] Everything's up-to-date. Nothing to do
  Rendered layout layouts/application.html.erb (Duration: 13.2ms | Allocations: 3665)
Completed 200 OK in 15ms (Views: 13.8ms | Allocations: 4041)


Started GET "/" for ::1 at 2021-03-10 00:50:21 +0500
Processing by DeviceController#index as HTML
  Rendering layout layouts/application.html.erb
  Rendering device/index.html.erb within layouts/application
  Rendered device/index.html.erb within layouts/application (Duration: 0.1ms | Allocations: 37)
[Webpacker] Everything's up-to-date. Nothing to do
  Rendered layout layouts/application.html.erb (Duration: 675.7ms | Allocations: 15299)
Completed 200 OK in 677ms (Views: 676.2ms | Allocations: 15675)


Started GET "/" for ::1 at 2021-03-10 00:50:42 +0500
Processing by DeviceController#index as HTML
  Rendering layout layouts/application.html.erb
  Rendering device/index.html.erb within layouts/application
  Rendered device/index.html.erb within layouts/application (Duration: 0.3ms | Allocations: 37)
[Webpacker] Everything's up-to-date. Nothing to do
  Rendered layout layouts/application.html.erb (Duration: 743.3ms | Allocations: 13563)
Completed 200 OK in 768ms (Views: 766.8ms | Allocations: 13944)


Started GET "/" for ::1 at 2021-03-10 00:53:30 +0500
Processing by DeviceController#index as HTML
  Rendering layout layouts/application.html.erb
  Rendering device/index.html.erb within layouts/application
  Rendered device/index.html.erb within layouts/application (Duration: 2.8ms | Allocations: 191)
[Webpacker] Everything's up-to-date. Nothing to do
  Rendered layout layouts/application.html.erb (Duration: 689.8ms | Allocations: 13575)
Completed 200 OK in 698ms (Views: 695.0ms | Allocations: 14696)


Started GET "/" for ::1 at 2021-03-10 00:54:15 +0500
Processing by DeviceController#index as HTML
  Rendering layout layouts/application.html.erb
  Rendering device/index.html.erb within layouts/application
  Rendered device/index.html.erb within layouts/application (Duration: 0.9ms | Allocations: 175)
[Webpacker] Everything's up-to-date. Nothing to do
  Rendered layout layouts/application.html.erb (Duration: 607.6ms | Allocations: 13019)
Completed 200 OK in 613ms (Views: 610.4ms | Allocations: 14140)


Started GET "/" for ::1 at 2021-03-10 00:55:21 +0500
Processing by DeviceController#index as HTML
  Rendering layout layouts/application.html.erb
  Rendering device/index.html.erb within layouts/application
  Rendered device/index.html.erb within layouts/application (Duration: 0.6ms | Allocations: 170)
[Webpacker] Everything's up-to-date. Nothing to do
  Rendered layout layouts/application.html.erb (Duration: 733.7ms | Allocations: 15290)
Completed 200 OK in 739ms (Views: 736.7ms | Allocations: 16406)


Started GET "/" for ::1 at 2021-03-10 00:55:49 +0500
Processing by DeviceController#index as HTML
  Rendering layout layouts/application.html.erb
  Rendering device/index.html.erb within layouts/application
  Rendered device/index.html.erb within layouts/application (Duration: 1.1ms | Allocations: 170)
[Webpacker] Everything's up-to-date. Nothing to do
  Rendered layout layouts/application.html.erb (Duration: 22.1ms | Allocations: 3991)
Completed 200 OK in 30ms (Views: 25.8ms | Allocations: 5107)


Started GET "/" for ::1 at 2021-03-10 00:57:03 +0500
Processing by DeviceController#index as HTML
  Rendering layout layouts/application.html.erb
  Rendering device/index.html.erb within layouts/application
  Rendered device/index.html.erb within layouts/application (Duration: 0.1ms | Allocations: 37)
[Webpacker] Everything's up-to-date. Nothing to do
  Rendered layout layouts/application.html.erb (Duration: 726.9ms | Allocations: 14133)
Completed 200 OK in 728ms (Views: 727.6ms | Allocations: 14510)


Started GET "/" for ::1 at 2021-03-10 00:59:35 +0500
Processing by DeviceController#index as HTML
  Rendering layout layouts/application.html.erb
  Rendering device/index.html.erb within layouts/application
  Rendered device/index.html.erb within layouts/application (Duration: 0.1ms | Allocations: 37)
[Webpacker] Everything's up-to-date. Nothing to do
  Rendered layout layouts/application.html.erb (Duration: 560.3ms | Allocations: 14022)
Completed 200 OK in 561ms (Views: 560.8ms | Allocations: 14398)


Started GET "/" for ::1 at 2021-03-10 01:00:23 +0500
Processing by DeviceController#index as HTML
  Rendering layout layouts/application.html.erb
  Rendering device/index.html.erb within layouts/application
  Rendered device/index.html.erb within layouts/application (Duration: 0.2ms | Allocations: 37)
[Webpacker] Everything's up-to-date. Nothing to do
  Rendered layout layouts/application.html.erb (Duration: 619.7ms | Allocations: 14034)
Completed 200 OK in 621ms (Views: 620.5ms | Allocations: 14410)


Started GET "/" for ::1 at 2021-03-10 01:01:59 +0500
Processing by DeviceController#index as HTML
  Rendering layout layouts/application.html.erb
  Rendering device/index.html.erb within layouts/application
  Rendered device/index.html.erb within layouts/application (Duration: 0.1ms | Allocations: 37)
[Webpacker] Everything's up-to-date. Nothing to do
  Rendered layout layouts/application.html.erb (Duration: 12.6ms | Allocations: 3665)
Completed 200 OK in 14ms (Views: 13.3ms | Allocations: 4041)


Started GET "/" for ::1 at 2021-03-10 01:02:28 +0500
Processing by DeviceController#index as HTML
  Rendering layout layouts/application.html.erb
  Rendering device/index.html.erb within layouts/application
  Rendered device/index.html.erb within layouts/application (Duration: 0.1ms | Allocations: 37)
[Webpacker] Everything's up-to-date. Nothing to do
  Rendered layout layouts/application.html.erb (Duration: 676.8ms | Allocations: 12688)
Completed 200 OK in 678ms (Views: 677.4ms | Allocations: 13064)


Started GET "/" for ::1 at 2021-03-10 01:02:49 +0500
Processing by DeviceController#index as HTML
  Rendering layout layouts/application.html.erb
  Rendering device/index.html.erb within layouts/application
  Rendered device/index.html.erb within layouts/application (Duration: 0.1ms | Allocations: 37)
[Webpacker] Everything's up-to-date. Nothing to do
  Rendered layout layouts/application.html.erb (Duration: 590.8ms | Allocations: 14148)
Completed 200 OK in 593ms (Views: 591.6ms | Allocations: 14524)


Started GET "/" for ::1 at 2021-03-10 01:03:55 +0500
Processing by DeviceController#index as HTML
  Rendering layout layouts/application.html.erb
  Rendering device/index.html.erb within layouts/application
  Rendered device/index.html.erb within layouts/application (Duration: 0.2ms | Allocations: 37)
[Webpacker] Everything's up-to-date. Nothing to do
  Rendered layout layouts/application.html.erb (Duration: 575.1ms | Allocations: 14067)
Completed 200 OK in 576ms (Views: 575.6ms | Allocations: 14443)


Started GET "/" for ::1 at 2021-03-10 01:06:01 +0500
Processing by DeviceController#index as HTML
  Rendering layout layouts/application.html.erb
  Rendering device/index.html.erb within layouts/application
  Rendered device/index.html.erb within layouts/application (Duration: 0.1ms | Allocations: 37)
[Webpacker] Everything's up-to-date. Nothing to do
  Rendered layout layouts/application.html.erb (Duration: 724.3ms | Allocations: 14591)
Completed 200 OK in 726ms (Views: 724.9ms | Allocations: 14967)


Started GET "/" for ::1 at 2021-03-10 01:07:58 +0500
Processing by DeviceController#index as HTML
  Rendering layout layouts/application.html.erb
  Rendering device/index.html.erb within layouts/application
  Rendered device/index.html.erb within layouts/application (Duration: 0.2ms | Allocations: 37)
[Webpacker] Everything's up-to-date. Nothing to do
  Rendered layout layouts/application.html.erb (Duration: 564.1ms | Allocations: 13137)
Completed 200 OK in 565ms (Views: 564.5ms | Allocations: 13513)


Started GET "/" for ::1 at 2021-03-10 01:08:25 +0500
Processing by DeviceController#index as HTML
  Rendering layout layouts/application.html.erb
  Rendering device/index.html.erb within layouts/application
  Rendered device/index.html.erb within layouts/application (Duration: 3.7ms | Allocations: 160)
[Webpacker] Everything's up-to-date. Nothing to do
  Rendered layout layouts/application.html.erb (Duration: 15.2ms | Allocations: 3981)
Completed 200 OK in 23ms (Views: 21.4ms | Allocations: 5102)


Started GET "/" for ::1 at 2021-03-10 01:09:20 +0500
Processing by DeviceController#index as HTML
  Rendering layout layouts/application.html.erb
  Rendering device/index.html.erb within layouts/application
  Rendered device/index.html.erb within layouts/application (Duration: 1.6ms | Allocations: 155)
[Webpacker] Everything's up-to-date. Nothing to do
  Rendered layout layouts/application.html.erb (Duration: 21.1ms | Allocations: 3976)
Completed 200 OK in 30ms (Views: 26.3ms | Allocations: 5092)


Started GET "/" for ::1 at 2021-03-10 01:11:02 +0500
Processing by DeviceController#index as HTML
  Rendering layout layouts/application.html.erb
  Rendering device/index.html.erb within layouts/application
  Rendered device/index.html.erb within layouts/application (Duration: 0.1ms | Allocations: 37)
[Webpacker] Everything's up-to-date. Nothing to do
  Rendered layout layouts/application.html.erb (Duration: 616.7ms | Allocations: 14462)
Completed 200 OK in 618ms (Views: 617.4ms | Allocations: 14839)


Started GET "/" for ::1 at 2021-03-10 01:12:19 +0500
Processing by DeviceController#index as HTML
  Rendering layout layouts/application.html.erb
  Rendering device/index.html.erb within layouts/application
  Rendered device/index.html.erb within layouts/application (Duration: 0.1ms | Allocations: 37)
[Webpacker] Everything's up-to-date. Nothing to do
  Rendered layout layouts/application.html.erb (Duration: 626.6ms | Allocations: 13121)
Completed 200 OK in 628ms (Views: 627.2ms | Allocations: 13497)


Started GET "/" for ::1 at 2021-03-10 01:14:45 +0500
Processing by DeviceController#index as HTML
  Rendering layout layouts/application.html.erb
  Rendering device/index.html.erb within layouts/application
  Rendered device/index.html.erb within layouts/application (Duration: 0.1ms | Allocations: 37)
[Webpacker] Everything's up-to-date. Nothing to do
  Rendered layout layouts/application.html.erb (Duration: 635.7ms | Allocations: 15451)
Completed 200 OK in 637ms (Views: 636.3ms | Allocations: 15827)


Started GET "/" for ::1 at 2021-03-10 01:14:53 +0500
Processing by DeviceController#index as HTML
  Rendering layout layouts/application.html.erb
  Rendering device/index.html.erb within layouts/application
  Rendered device/index.html.erb within layouts/application (Duration: 0.1ms | Allocations: 37)
[Webpacker] Everything's up-to-date. Nothing to do
  Rendered layout layouts/application.html.erb (Duration: 6.7ms | Allocations: 3665)
Completed 200 OK in 8ms (Views: 7.5ms | Allocations: 4041)


Started GET "/" for ::1 at 2021-03-10 01:15:25 +0500
Processing by DeviceController#index as HTML
  Rendering layout layouts/application.html.erb
  Rendering device/index.html.erb within layouts/application
  Rendered device/index.html.erb within layouts/application (Duration: 0.1ms | Allocations: 37)
[Webpacker] Everything's up-to-date. Nothing to do
  Rendered layout layouts/application.html.erb (Duration: 666.2ms | Allocations: 12662)
Completed 200 OK in 668ms (Views: 667.0ms | Allocations: 13038)


Started GET "/" for ::1 at 2021-03-10 01:16:38 +0500
Processing by DeviceController#index as HTML
  Rendering layout layouts/application.html.erb
  Rendering device/index.html.erb within layouts/application
  Rendered device/index.html.erb within layouts/application (Duration: 0.2ms | Allocations: 37)
[Webpacker] Everything's up-to-date. Nothing to do
  Rendered layout layouts/application.html.erb (Duration: 719.1ms | Allocations: 14408)
Completed 200 OK in 721ms (Views: 719.8ms | Allocations: 14784)


  
ActionController::RoutingError (No route matches [GET] "/assets/application.css-52bf831c7906b396e9efa89e426dd721e65aa221efa630c9501ea20fe36969a9.map"):
  
  
ActionController::RoutingError (No route matches [GET] "/assets/application.css-52bf831c7906b396e9efa89e426dd721e65aa221efa630c9501ea20fe36969a9.map"):
  
Started GET "/" for ::1 at 2021-03-10 01:20:51 +0500
Processing by DeviceController#index as HTML
  Rendering layout layouts/application.html.erb
  Rendering device/index.html.erb within layouts/application
  Rendered device/index.html.erb within layouts/application (Duration: 0.7ms | Allocations: 155)
[Webpacker] Everything's up-to-date. Nothing to do
  Rendered layout layouts/application.html.erb (Duration: 622.5ms | Allocations: 14323)
Completed 200 OK in 627ms (Views: 625.6ms | Allocations: 15444)


Started GET "/" for ::1 at 2021-03-10 01:21:12 +0500
Processing by DeviceController#index as HTML
  Rendering layout layouts/application.html.erb
  Rendering device/index.html.erb within layouts/application
  Rendered device/index.html.erb within layouts/application (Duration: 0.8ms | Allocations: 155)
[Webpacker] Everything's up-to-date. Nothing to do
  Rendered layout layouts/application.html.erb (Duration: 12.8ms | Allocations: 3976)
Completed 200 OK in 17ms (Views: 15.4ms | Allocations: 5092)


Started GET "/" for ::1 at 2021-03-10 01:22:52 +0500
Processing by DeviceController#index as HTML
  Rendering layout layouts/application.html.erb
  Rendering device/index.html.erb within layouts/application
  Rendered device/index.html.erb within layouts/application (Duration: 0.2ms | Allocations: 37)
[Webpacker] Everything's up-to-date. Nothing to do
  Rendered layout layouts/application.html.erb (Duration: 914.4ms | Allocations: 14053)
Completed 200 OK in 916ms (Views: 915.2ms | Allocations: 14431)


Started GET "/" for ::1 at 2021-03-10 01:23:13 +0500
Processing by DeviceController#index as HTML
  Rendering layout layouts/application.html.erb
  Rendering device/index.html.erb within layouts/application
  Rendered device/index.html.erb within layouts/application (Duration: 0.1ms | Allocations: 37)
[Webpacker] Everything's up-to-date. Nothing to do
  Rendered layout layouts/application.html.erb (Duration: 539.9ms | Allocations: 13571)
Completed 200 OK in 541ms (Views: 540.6ms | Allocations: 13947)


Started GET "/" for ::1 at 2021-03-10 01:25:32 +0500
Processing by DeviceController#index as HTML
  Rendering layout layouts/application.html.erb
  Rendering device/index.html.erb within layouts/application
  Rendered device/index.html.erb within layouts/application (Duration: 0.9ms | Allocations: 163)
[Webpacker] Everything's up-to-date. Nothing to do
  Rendered layout layouts/application.html.erb (Duration: 630.1ms | Allocations: 15253)
Completed 200 OK in 636ms (Views: 634.4ms | Allocations: 16374)


Started GET "/" for ::1 at 2021-03-10 01:26:47 +0500
Processing by DeviceController#index as HTML
  Rendering layout layouts/application.html.erb
  Rendering device/index.html.erb within layouts/application
  Rendered device/index.html.erb within layouts/application (Duration: 0.9ms | Allocations: 158)
[Webpacker] Everything's up-to-date. Nothing to do
  Rendered layout layouts/application.html.erb (Duration: 657.4ms | Allocations: 14358)
Completed 200 OK in 662ms (Views: 660.7ms | Allocations: 15474)


Started GET "/" for ::1 at 2021-03-10 01:27:54 +0500
Processing by DeviceController#index as HTML
  Rendering layout layouts/application.html.erb
  Rendering device/index.html.erb within layouts/application
  Rendered device/index.html.erb within layouts/application (Duration: 1.3ms | Allocations: 163)
[Webpacker] Everything's up-to-date. Nothing to do
  Rendered layout layouts/application.html.erb (Duration: 637.5ms | Allocations: 14876)
Completed 200 OK in 642ms (Views: 640.8ms | Allocations: 15997)


Started GET "/" for ::1 at 2021-03-10 01:28:38 +0500
Processing by DeviceController#index as HTML
  Rendering layout layouts/application.html.erb
  Rendering device/index.html.erb within layouts/application
  Rendered device/index.html.erb within layouts/application (Duration: 0.1ms | Allocations: 37)
[Webpacker] Everything's up-to-date. Nothing to do
  Rendered layout layouts/application.html.erb (Duration: 531.0ms | Allocations: 14053)
Completed 200 OK in 533ms (Views: 532.0ms | Allocations: 14430)


Started GET "/" for ::1 at 2021-03-10 01:28:57 +0500
Processing by DeviceController#index as HTML
  Rendering layout layouts/application.html.erb
  Rendering device/index.html.erb within layouts/application
  Rendered device/index.html.erb within layouts/application (Duration: 0.1ms | Allocations: 37)
[Webpacker] Everything's up-to-date. Nothing to do
  Rendered layout layouts/application.html.erb (Duration: 9.8ms | Allocations: 3706)
Completed 200 OK in 11ms (Views: 10.3ms | Allocations: 4082)


Started GET "/" for ::1 at 2021-03-10 01:31:50 +0500
Processing by DeviceController#index as HTML
  Rendering layout layouts/application.html.erb
  Rendering device/index.html.erb within layouts/application
  Rendered device/index.html.erb within layouts/application (Duration: 1.0ms | Allocations: 157)
[Webpacker] Everything's up-to-date. Nothing to do
  Rendered layout layouts/application.html.erb (Duration: 581.5ms | Allocations: 15766)
Completed 200 OK in 588ms (Views: 586.2ms | Allocations: 16882)


Started GET "/" for ::1 at 2021-03-10 01:32:04 +0500
Processing by DeviceController#index as HTML
  Rendering layout layouts/application.html.erb
  Rendering device/index.html.erb within layouts/application
  Rendered device/index.html.erb within layouts/application (Duration: 0.4ms | Allocations: 163)
[Webpacker] Everything's up-to-date. Nothing to do
  Rendered layout layouts/application.html.erb (Duration: 12.2ms | Allocations: 3984)
Completed 200 OK in 15ms (Views: 14.2ms | Allocations: 5105)


Started GET "/" for ::1 at 2021-03-10 01:34:01 +0500
Processing by DeviceController#index as HTML
  Rendering layout layouts/application.html.erb
  Rendering device/index.html.erb within layouts/application
  Rendered device/index.html.erb within layouts/application (Duration: 0.1ms | Allocations: 37)
[Webpacker] Everything's up-to-date. Nothing to do
  Rendered layout layouts/application.html.erb (Duration: 561.7ms | Allocations: 15411)
Completed 200 OK in 563ms (Views: 562.5ms | Allocations: 15788)


Started GET "/" for ::1 at 2021-03-10 01:35:07 +0500
Processing by DeviceController#index as HTML
  Rendering layout layouts/application.html.erb
  Rendering device/index.html.erb within layouts/application
  Rendered device/index.html.erb within layouts/application (Duration: 0.6ms | Allocations: 158)
[Webpacker] Everything's up-to-date. Nothing to do
  Rendered layout layouts/application.html.erb (Duration: 21.1ms | Allocations: 3979)
Completed 200 OK in 27ms (Views: 25.1ms | Allocations: 5095)


Started GET "/" for ::1 at 2021-03-10 01:35:21 +0500
Processing by DeviceController#index as HTML
  Rendering layout layouts/application.html.erb
  Rendering device/index.html.erb within layouts/application
  Rendered device/index.html.erb within layouts/application (Duration: 0.6ms | Allocations: 158)
[Webpacker] Everything's up-to-date. Nothing to do
  Rendered layout layouts/application.html.erb (Duration: 19.6ms | Allocations: 3979)
Completed 200 OK in 25ms (Views: 23.3ms | Allocations: 5095)


Started GET "/" for ::1 at 2021-03-10 01:36:18 +0500
Processing by DeviceController#index as HTML
  Rendering layout layouts/application.html.erb
  Rendering device/index.html.erb within layouts/application
  Rendered device/index.html.erb within layouts/application (Duration: 0.3ms | Allocations: 37)
[Webpacker] Everything's up-to-date. Nothing to do
  Rendered layout layouts/application.html.erb (Duration: 743.7ms | Allocations: 15908)
Completed 200 OK in 745ms (Views: 744.5ms | Allocations: 16285)


Started GET "/" for ::1 at 2021-03-10 01:36:54 +0500
Processing by DeviceController#index as HTML
  Rendering layout layouts/application.html.erb
  Rendering device/index.html.erb within layouts/application
  Rendered device/index.html.erb within layouts/application (Duration: 0.4ms | Allocations: 165)
[Webpacker] Everything's up-to-date. Nothing to do
  Rendered layout layouts/application.html.erb (Duration: 12.9ms | Allocations: 3987)
Completed 200 OK in 18ms (Views: 16.2ms | Allocations: 5109)


Started GET "/" for ::1 at 2021-03-10 01:36:56 +0500
Processing by DeviceController#index as HTML
  Rendering layout layouts/application.html.erb
  Rendering device/index.html.erb within layouts/application
  Rendered device/index.html.erb within layouts/application (Duration: 0.1ms | Allocations: 37)
[Webpacker] Everything's up-to-date. Nothing to do
  Rendered layout layouts/application.html.erb (Duration: 6.8ms | Allocations: 3665)
Completed 200 OK in 8ms (Views: 7.2ms | Allocations: 4042)


Started GET "/" for ::1 at 2021-03-10 01:37:03 +0500
Processing by DeviceController#index as HTML
  Rendering layout layouts/application.html.erb
  Rendering device/index.html.erb within layouts/application
  Rendered device/index.html.erb within layouts/application (Duration: 0.6ms | Allocations: 160)
[Webpacker] Everything's up-to-date. Nothing to do
  Rendered layout layouts/application.html.erb (Duration: 10.1ms | Allocations: 3981)
Completed 200 OK in 13ms (Views: 11.7ms | Allocations: 5097)


Started GET "/" for ::1 at 2021-03-10 01:37:09 +0500
Processing by DeviceController#index as HTML
  Rendering layout layouts/application.html.erb
  Rendering device/index.html.erb within layouts/application
  Rendered device/index.html.erb within layouts/application (Duration: 1.2ms | Allocations: 160)
[Webpacker] Everything's up-to-date. Nothing to do
  Rendered layout layouts/application.html.erb (Duration: 11.1ms | Allocations: 3981)
Completed 200 OK in 14ms (Views: 12.9ms | Allocations: 5097)


Started GET "/" for ::1 at 2021-03-10 01:37:45 +0500
Processing by DeviceController#index as HTML
  Rendering layout layouts/application.html.erb
  Rendering device/index.html.erb within layouts/application
  Rendered device/index.html.erb within layouts/application (Duration: 0.1ms | Allocations: 37)
[Webpacker] Everything's up-to-date. Nothing to do
  Rendered layout layouts/application.html.erb (Duration: 615.3ms | Allocations: 14993)
Completed 200 OK in 616ms (Views: 615.9ms | Allocations: 15370)


Started GET "/" for ::1 at 2021-03-10 01:37:48 +0500
Processing by DeviceController#index as HTML
  Rendering layout layouts/application.html.erb
  Rendering device/index.html.erb within layouts/application
  Rendered device/index.html.erb within layouts/application (Duration: 0.1ms | Allocations: 37)
[Webpacker] Everything's up-to-date. Nothing to do
  Rendered layout layouts/application.html.erb (Duration: 7.4ms | Allocations: 3665)
Completed 200 OK in 9ms (Views: 8.0ms | Allocations: 4041)


Started GET "/" for ::1 at 2021-03-10 01:38:28 +0500
Processing by DeviceController#index as HTML
  Rendering layout layouts/application.html.erb
  Rendering device/index.html.erb within layouts/application
  Rendered device/index.html.erb within layouts/application (Duration: 0.1ms | Allocations: 37)
[Webpacker] Everything's up-to-date. Nothing to do
  Rendered layout layouts/application.html.erb (Duration: 640.7ms | Allocations: 14107)
Completed 200 OK in 642ms (Views: 641.3ms | Allocations: 14484)


Started GET "/" for ::1 at 2021-03-10 01:40:23 +0500
Processing by DeviceController#index as HTML
  Rendering layout layouts/application.html.erb
  Rendering device/index.html.erb within layouts/application
  Rendered device/index.html.erb within layouts/application (Duration: 0.6ms | Allocations: 215)
[Webpacker] Everything's up-to-date. Nothing to do
  Rendered layout layouts/application.html.erb (Duration: 15.9ms | Allocations: 4077)
Completed 200 OK in 22ms (Views: 19.8ms | Allocations: 5198)


Started GET "/" for ::1 at 2021-03-10 01:43:10 +0500
Processing by DeviceController#index as HTML
  Rendering layout layouts/application.html.erb
  Rendering device/index.html.erb within layouts/application
  Rendered device/index.html.erb within layouts/application (Duration: 0.7ms | Allocations: 216)
[Webpacker] Everything's up-to-date. Nothing to do
  Rendered layout layouts/application.html.erb (Duration: 18.2ms | Allocations: 4037)
Completed 200 OK in 24ms (Views: 22.2ms | Allocations: 5153)


Started GET "/" for ::1 at 2021-03-10 01:44:57 +0500
Processing by DeviceController#index as HTML
  Rendering layout layouts/application.html.erb
  Rendering device/index.html.erb within layouts/application
  Rendered device/index.html.erb within layouts/application (Duration: 1.2ms | Allocations: 234)
[Webpacker] Everything's up-to-date. Nothing to do
  Rendered layout layouts/application.html.erb (Duration: 20.8ms | Allocations: 4055)
Completed 200 OK in 28ms (Views: 24.7ms | Allocations: 5171)


Started GET "/" for ::1 at 2021-03-10 01:47:20 +0500
Processing by DeviceController#index as HTML
  Rendering layout layouts/application.html.erb
  Rendering device/index.html.erb within layouts/application
  Rendered device/index.html.erb within layouts/application (Duration: 1.1ms | Allocations: 233)
[Webpacker] Everything's up-to-date. Nothing to do
  Rendered layout layouts/application.html.erb (Duration: 653.8ms | Allocations: 15789)
Completed 200 OK in 661ms (Views: 657.0ms | Allocations: 16905)


Started GET "/" for ::1 at 2021-03-10 01:47:59 +0500
Processing by DeviceController#index as HTML
  Rendering layout layouts/application.html.erb
  Rendering device/index.html.erb within layouts/application
  Rendered device/index.html.erb within layouts/application (Duration: 0.1ms | Allocations: 37)
[Webpacker] Everything's up-to-date. Nothing to do
  Rendered layout layouts/application.html.erb (Duration: 524.0ms | Allocations: 14467)
Completed 200 OK in 573ms (Views: 525.2ms | Allocations: 14844)


Started GET "/" for ::1 at 2021-03-10 01:59:48 +0500
  [1m[35m (0.9ms)[0m  [1m[34mSELECT sqlite_version(*)[0m
Processing by DeviceController#index as HTML
  Rendering layout layouts/application.html.erb
  Rendering device/index.html.erb within layouts/application
  Rendered device/index.html.erb within layouts/application (Duration: 2.2ms | Allocations: 358)
[Webpacker] Everything's up-to-date. Nothing to do
  Rendered layout layouts/application.html.erb (Duration: 954.6ms | Allocations: 17495)
Completed 200 OK in 975ms (Views: 960.2ms | ActiveRecord: 0.0ms | Allocations: 20246)


Started GET "/" for ::1 at 2021-03-10 02:02:35 +0500
Processing by DeviceController#index as HTML
  Rendering layout layouts/application.html.erb
  Rendering device/index.html.erb within layouts/application
  Rendered device/index.html.erb within layouts/application (Duration: 1.9ms | Allocations: 233)
[Webpacker] Everything's up-to-date. Nothing to do
  Rendered layout layouts/application.html.erb (Duration: 24.4ms | Allocations: 4071)
Completed 200 OK in 32ms (Views: 28.4ms | ActiveRecord: 0.0ms | Allocations: 5191)


Started GET "/" for ::1 at 2021-03-10 02:02:49 +0500
Processing by DeviceController#index as HTML
  Rendering layout layouts/application.html.erb
  Rendering device/index.html.erb within layouts/application
  Rendered device/index.html.erb within layouts/application (Duration: 0.9ms | Allocations: 233)
[Webpacker] Everything's up-to-date. Nothing to do
  Rendered layout layouts/application.html.erb (Duration: 15.0ms | Allocations: 4072)
Completed 200 OK in 18ms (Views: 16.8ms | ActiveRecord: 0.0ms | Allocations: 5192)


Started GET "/" for ::1 at 2021-03-10 02:03:16 +0500
Processing by DeviceController#index as HTML
  Rendering layout layouts/application.html.erb
  Rendering device/index.html.erb within layouts/application
  Rendered device/index.html.erb within layouts/application (Duration: 0.7ms | Allocations: 233)
[Webpacker] Everything's up-to-date. Nothing to do
  Rendered layout layouts/application.html.erb (Duration: 13.4ms | Allocations: 4069)
Completed 200 OK in 18ms (Views: 16.1ms | ActiveRecord: 0.0ms | Allocations: 5185)


